<?xml version="1.0" encoding="UTF-8"?>
<beans xmlns="http://www.springframework.org/schema/beans"
	xmlns:xsi="http://www.w3.org/2001/XMLSchema-instance" xmlns:p="http://www.springframework.org/schema/p"
	xmlns:context="http://www.springframework.org/schema/context"
	xsi:schemaLocation="http://www.springframework.org/schema/beans http://www.springframework.org/schema/beans/spring-beans-3.1.xsd
		http://www.springframework.org/schema/context http://www.springframework.org/schema/context/spring-context-3.1.xsd">
	<context:property-placeholder location="classpath*:application-properties.xml" />

	<bean id="mailSender" class="org.springframework.mail.javamail.JavaMailSenderImpl"
		p:host="${mail.server.host}" p:port="${mail.server.port}" p:username="${mail.server.username}"
		p:password="${mail.server.password}">
		<property name="javaMailProperties">
			<props>
				<prop key="mail.smtp.auth">true</prop>
				<prop key="mail.smtp.starttls.enable">true</prop>
			</props>
		</property>
	</bean>

	<bean id="freemarkerConfiguration"
		class="org.springframework.ui.freemarker.FreeMarkerConfigurationFactoryBean"
		p:templateLoaderPath="classpath:templates" p:defaultEncoding="utf-8" />
</beans>
